<?xml version="1.0" encoding="UTF-8"?>
<testsuite xmlns:xsi="http://www.w3.org/2001/XMLSchema-instance" xsi:noNamespaceSchemaLocation="https://maven.apache.org/surefire/maven-surefire-plugin/xsd/surefire-test-report-3.0.xsd" version="3.0" name="com.TestRun.Runner" time="23.958" tests="1" errors="0" skipped="0" failures="0">
  <properties>
[...]
</properties>
  <testcase name="Login with valid credentials" classname="Login" time="22.612">
    <system-out><![CDATA[
@Sanity
Scenario: Login with valid credentials                                                  # Features/Login.feature:7
  Given Launch the browser                                                              # com.StepDefinition.StepDef.launch_the_browser()
  When Open URL as "https://opensource-demo.orangehrmlive.com/web/index.php/auth/login" # com.StepDefinition.StepDef.open_url_as(java.lang.String)
  And Enter username as "Admin" and password as "admin123"                              # com.StepDefinition.StepDef.enter_username_as_and_password_as(java.lang.String,java.lang.String)
  And Click login button                                                                # com.StepDefinition.StepDef.click_login_button()
  Then Verify title as "OrangeHRM"                                                      # com.StepDefinition.StepDef.verify_title_as(java.lang.String)
  When Click logout button                                                              # com.StepDefinition.StepDef.click_logout_button()
  Then Verify title as "OrangeHRM"                                                      # com.StepDefinition.StepDef.verify_title_as(java.lang.String)
  And Close the browser                                                                 # com.StepDefinition.StepDef.close_the_browser()
]]></system-out>
    <system-err><![CDATA[Apr 15, 2025 3:05:03 PM org.openqa.selenium.devtools.CdpVersionFinder findNearestMatch
WARNING: Unable to find an exact match for CDP version 135, returning the closest version; found: 133; Please update to a Selenium version that supports CDP version 135
Apr 15, 2025 3:05:20 PM org.openqa.selenium.remote.http.WebSocket$Listener onError
WARNING: Connection reset
java.net.SocketException: Connection reset
	at java.base/sun.nio.ch.SocketChannelImpl.throwConnectionReset(SocketChannelImpl.java:401)
	at java.base/sun.nio.ch.SocketChannelImpl.read(SocketChannelImpl.java:434)
	at java.net.http/jdk.internal.net.http.SocketTube.readAvailable(SocketTube.java:1178)
	at java.net.http/jdk.internal.net.http.SocketTube$InternalReadPublisher$InternalReadSubscription.read(SocketTube.java:841)
	at java.net.http/jdk.internal.net.http.SocketTube$SocketFlowTask.run(SocketTube.java:181)
	at java.net.http/jdk.internal.net.http.common.SequentialScheduler$SchedulableTask.run(SequentialScheduler.java:207)
	at java.net.http/jdk.internal.net.http.common.SequentialScheduler.runOrSchedule(SequentialScheduler.java:280)
	at java.net.http/jdk.internal.net.http.common.SequentialScheduler.runOrSchedule(SequentialScheduler.java:233)
	at java.net.http/jdk.internal.net.http.SocketTube$InternalReadPublisher$InternalReadSubscription.signalReadable(SocketTube.java:782)
	at java.net.http/jdk.internal.net.http.SocketTube$InternalReadPublisher$ReadEvent.signalEvent(SocketTube.java:965)
	at java.net.http/jdk.internal.net.http.SocketTube$SocketFlowEvent.handle(SocketTube.java:253)
	at java.net.http/jdk.internal.net.http.HttpClientImpl$SelectorManager.handleEvent(HttpClientImpl.java:1469)
	at java.net.http/jdk.internal.net.http.HttpClientImpl$SelectorManager.lambda$run$3(HttpClientImpl.java:1414)
	at java.base/java.util.ArrayList.forEach(ArrayList.java:1596)
	at java.net.http/jdk.internal.net.http.HttpClientImpl$SelectorManager.run(HttpClientImpl.java:1414)

]]></system-err>
  </testcase>
</testsuite>